1uwsgi遇到ImportError: No module named django.core.wsgi问题
   通过在wsgi.py里面打印sys.path发现是因为path里面并没有包含该安装的site-packages的路径，因此在wsgi.py添加如下语句
   [python] view plain copy
   sys.path.append('/usr/lib/python2.7/site-packages')  
   sys.path.append('/usr/lib64/python2.7/site-packages')  
2
Error: Package: 1:nginx-1.12.2-1.el7_4.ngx.x86_64 (nginx)
           Requires: libcrypto.so.10(OPENSSL_1.0.2)(64bit)
 You could try using --skip-broken to work around the problem
 You could try running: rpm -Va --nofiles --nodigest
 
[Answer]yum install nginx-1.12.1

3 
orangelideMacBook-Pro:~ orangeli$ telnet 192.168.1.60 8002
	Trying 192.168.1.60...
	telnet: connect to address 192.168.1.60: Connection refused
	telnet: Unable to connect to remote host
[Answer] systemctl stop firewalld.service 
4 
导入静态文件报错 not found
[Answer]
	STATIC_URL = '/static/'                 #若存放静态文件的static目录在app目录下，则改局生效，无需定义下面的
	STATICFILES_DIRS = [　　　　　　　　　　　　＃若存放静态文件的static目录在project目录下，则用该定义
   	 os.path.join(BASE_DIR, "static"),
	]
5 
unzip -O CP936 *.zip
virtualbox 安装 centos遇到的问题 http://www.linuxidc.com/Linux/2017-04/143209.htm
6 Cannot find a valid baseurl for repo: base/7/x86_6
  　1、打开 vi /etc/sysconfig/network-scripts/ifcfg-eth0（每个机子都可能不一样，但格式会是“ifcfg-eth数字”），把ONBOOT=no，改为ONBOOT=yes

　　2、重启网络：service network restart

7  pip install uwsgi :
	UnicodeDecodeError: 'ascii' codec can't decode byte 0xe8 in position 40: ordinal not in range(128)
		Try installing first libevent-devel and python-devel

		yum install libevent-devel python-devel
		and then installing

		pip install uwsgi
8 pip install Mysql-python
	error: Command python setup.py egg_info failed with error code 1 in /tmp/pip_build_root/MysqL-python Storing debug log for failure in /root/.pip/pip.log
	[Answer]yum install python-devel mysql-devel
9 mysql no table
	python manage.py makemigrations jythink
	python manage.py migrate jythink
